2018-12-14 20:42:37 engine.py [line:43] INFO: 开始运行的时间:2018-12-14 20:42:37.884260
2018-12-14 20:42:37 engine.py [line:47] INFO: 结束运行的时间:2018-12-14 20:42:37.941795
2018-12-14 20:42:37 engine.py [line:49] INFO: 总耗时:0.057535秒
2018-12-15 17:06:04 engine.py [line:43] INFO: 开始运行的时间:2018-12-15 17:06:04.216368
2018-12-15 17:06:13 engine.py [line:43] INFO: 开始运行的时间:2018-12-15 17:06:13.908581
2018-12-15 17:06:15 engine.py [line:47] INFO: 结束运行的时间:2018-12-15 17:06:15.251739
2018-12-15 17:06:15 engine.py [line:49] INFO: 总耗时:1.343158秒
2018-12-15 17:19:34 engine.py [line:43] INFO: 开始运行的时间:2018-12-15 17:19:34.785973
2018-12-15 17:19:35 engine.py [line:47] INFO: 结束运行的时间:2018-12-15 17:19:35.162414
2018-12-15 17:19:35 engine.py [line:49] INFO: 总耗时:0.376441秒
2018-12-15 17:21:36 engine.py [line:43] INFO: 开始运行的时间:2018-12-15 17:21:36.292995
2018-12-15 17:21:37 engine.py [line:47] INFO: 结束运行的时间:2018-12-15 17:21:37.639977
2018-12-15 17:21:37 engine.py [line:49] INFO: 总耗时:1.346982秒
2018-12-15 17:34:56 engine.py [line:44] INFO: 开始运行的时间:2018-12-15 17:34:56.720003
2018-12-15 17:34:58 engine.py [line:48] INFO: 结束运行的时间:2018-12-15 17:34:58.228495
2018-12-15 17:34:58 engine.py [line:50] INFO: 总耗时:1.508492秒
2018-12-15 17:36:37 engine.py [line:44] INFO: 开始运行的时间:2018-12-15 17:36:37.689759
2018-12-15 17:36:40 engine.py [line:48] INFO: 结束运行的时间:2018-12-15 17:36:40.121615
2018-12-15 17:36:40 engine.py [line:50] INFO: 总耗时:2.431856秒
2018-12-15 19:12:38 engine.py [line:44] INFO: 开始运行的时间:2018-12-15 19:12:38.280348
2018-12-15 19:13:12 engine.py [line:44] INFO: 开始运行的时间:2018-12-15 19:13:12.557500
2018-12-15 19:13:15 engine.py [line:48] INFO: 结束运行的时间:2018-12-15 19:13:15.292940
2018-12-15 19:13:15 engine.py [line:50] INFO: 总耗时:2.73544秒
2018-12-15 19:17:06 engine.py [line:44] INFO: 开始运行的时间:2018-12-15 19:17:06.123098
2018-12-15 19:17:08 engine.py [line:48] INFO: 结束运行的时间:2018-12-15 19:17:08.999163
2018-12-15 19:17:08 engine.py [line:50] INFO: 总耗时:2.876065秒
2018-12-15 19:25:13 engine.py [line:44] INFO: 开始运行的时间:2018-12-15 19:25:13.474261
2018-12-15 19:26:17 engine.py [line:44] INFO: 开始运行的时间:2018-12-15 19:26:17.466663
2018-12-15 19:26:20 engine.py [line:48] INFO: 结束运行的时间:2018-12-15 19:26:20.306771
2018-12-15 19:26:20 engine.py [line:50] INFO: 总耗时:2.840108秒
2018-12-15 19:38:22 engine.py [line:45] INFO: 开始运行的时间:2018-12-15 19:38:22.937521
2018-12-15 19:38:23 engine.py [line:49] INFO: 结束运行的时间:2018-12-15 19:38:23.205812
2018-12-15 19:38:23 engine.py [line:51] INFO: 总耗时:0.268291秒
2018-12-15 19:40:28 engine.py [line:45] INFO: 开始运行的时间:2018-12-15 19:40:28.777512
2018-12-15 19:40:31 engine.py [line:49] INFO: 结束运行的时间:2018-12-15 19:40:31.637153
2018-12-15 19:40:31 engine.py [line:51] INFO: 总耗时:2.859641秒
2018-12-15 20:00:28 engine.py [line:45] INFO: 开始运行的时间:2018-12-15 20:00:28.120685
2018-12-15 20:01:27 engine.py [line:45] INFO: 开始运行的时间:2018-12-15 20:01:27.457115
2018-12-15 20:27:35 engine.py [line:45] INFO: 开始运行的时间:2018-12-15 20:27:35.942273
2018-12-15 20:28:17 engine.py [line:45] INFO: 开始运行的时间:2018-12-15 20:28:17.787773
2018-12-15 20:28:32 engine.py [line:49] INFO: 结束运行的时间:2018-12-15 20:28:32.699435
2018-12-15 20:28:32 engine.py [line:51] INFO: 总耗时:14.911662秒
2018-12-15 20:40:27 engine.py [line:45] INFO: 开始运行的时间:2018-12-15 20:40:27.096571
2018-12-15 20:40:31 engine.py [line:49] INFO: 结束运行的时间:2018-12-15 20:40:31.299054
2018-12-15 20:40:31 engine.py [line:51] INFO: 总耗时:4.202483秒
2018-12-15 21:05:00 engine.py [line:45] INFO: 开始运行的时间:2018-12-15 21:05:00.729040
2018-12-15 21:05:06 engine.py [line:49] INFO: 结束运行的时间:2018-12-15 21:05:06.088465
2018-12-15 21:05:06 engine.py [line:51] INFO: 总耗时:5.359425秒
2018-12-15 21:06:16 engine.py [line:45] INFO: 开始运行的时间:2018-12-15 21:06:16.744487
2018-12-15 21:06:20 engine.py [line:49] INFO: 结束运行的时间:2018-12-15 21:06:20.995806
2018-12-15 21:06:20 engine.py [line:51] INFO: 总耗时:4.251319秒
2018-12-15 21:08:16 engine.py [line:45] INFO: 开始运行的时间:2018-12-15 21:08:16.205977
2018-12-15 21:08:24 engine.py [line:45] INFO: 开始运行的时间:2018-12-15 21:08:24.763735
2018-12-15 21:08:28 engine.py [line:49] INFO: 结束运行的时间:2018-12-15 21:08:28.860836
2018-12-15 21:08:28 engine.py [line:51] INFO: 总耗时:4.097101秒
2018-12-15 21:10:15 engine.py [line:45] INFO: 开始运行的时间:2018-12-15 21:10:15.795853
2018-12-15 21:10:22 engine.py [line:49] INFO: 结束运行的时间:2018-12-15 21:10:22.542845
2018-12-15 21:10:22 engine.py [line:51] INFO: 总耗时:6.746992秒
2018-12-19 11:02:39 engine.py [line:75] INFO: 开始运行的时间:2018-12-19 11:02:39.011080
2018-12-19 11:02:43 engine.py [line:79] INFO: 结束运行的时间:2018-12-19 11:02:43.508102
2018-12-19 11:02:43 engine.py [line:81] INFO: 总耗时:4.497022秒
2018-12-19 11:03:58 engine.py [line:75] INFO: 开始运行的时间:2018-12-19 11:03:58.411779
2018-12-19 11:04:03 engine.py [line:79] INFO: 结束运行的时间:2018-12-19 11:04:03.683472
2018-12-19 11:04:03 engine.py [line:81] INFO: 总耗时:5.271693秒
2018-12-19 11:05:16 engine.py [line:75] INFO: 开始运行的时间:2018-12-19 11:05:16.737022
2018-12-19 11:05:18 engine.py [line:79] INFO: 结束运行的时间:2018-12-19 11:05:18.071086
2018-12-19 11:05:18 engine.py [line:81] INFO: 总耗时:1.334064秒
2018-12-19 11:05:29 engine.py [line:75] INFO: 开始运行的时间:2018-12-19 11:05:29.215187
2018-12-19 11:05:31 engine.py [line:79] INFO: 结束运行的时间:2018-12-19 11:05:31.497581
2018-12-19 11:05:31 engine.py [line:81] INFO: 总耗时:2.282394秒
2018-12-19 11:05:50 engine.py [line:75] INFO: 开始运行的时间:2018-12-19 11:05:50.471755
2018-12-19 11:05:52 engine.py [line:79] INFO: 结束运行的时间:2018-12-19 11:05:52.810326
2018-12-19 11:05:52 engine.py [line:81] INFO: 总耗时:2.338571秒
2018-12-19 11:06:09 engine.py [line:75] INFO: 开始运行的时间:2018-12-19 11:06:09.913187
2018-12-19 11:06:12 engine.py [line:79] INFO: 结束运行的时间:2018-12-19 11:06:12.286992
2018-12-19 11:06:12 engine.py [line:81] INFO: 总耗时:2.373805秒
2018-12-19 11:18:53 engine.py [line:75] INFO: 开始运行的时间:2018-12-19 11:18:53.958165
2018-12-19 11:18:53 scheduler.py [line:35] INFO: 被过滤请求: http://www.hao123.com
2018-12-19 11:18:55 engine.py [line:79] INFO: 结束运行的时间:2018-12-19 11:18:55.167100
2018-12-19 11:18:55 engine.py [line:81] INFO: 总耗时:1.208935秒
2018-12-19 11:22:06 engine.py [line:73] INFO: 启动的爬虫: ['spiders.baidu_spider.BaiduSpider']
2018-12-19 11:22:06 engine.py [line:74] INFO: 启动的管道: ['pipelines.BaiduPipeline', 'pipelines.DoubanPipeline']
2018-12-19 11:22:06 engine.py [line:75] INFO: 启动的下载器中间件: []
2018-12-19 11:22:06 engine.py [line:76] INFO: 启动的爬虫中间件: []
2018-12-19 11:22:06 engine.py [line:80] INFO: 开始运行的时间:2018-12-19 11:22:06.501984
2018-12-19 11:22:06 scheduler.py [line:35] INFO: 被过滤请求: http://www.hao123.com
2018-12-19 11:22:08 engine.py [line:85] INFO: 总请求数量: 2
2018-12-19 11:22:08 engine.py [line:86] INFO: 被过滤掉请求数量: 1
2018-12-19 11:22:08 engine.py [line:87] INFO: 总响应处理数量: 2
2018-12-19 11:22:08 engine.py [line:88] INFO: 结束运行的时间: 2018-12-19 11:22:08.144700
2018-12-19 11:22:08 engine.py [line:90] INFO: 结束运行的时间:2018-12-19 11:22:08.144700
2018-12-19 11:22:08 engine.py [line:92] INFO: 总耗时:1.642716秒
